<?xml version="1.0" encoding="UTF-8"?>
<!-- Generated by org.testng.reporters.JUnitReportReporter -->
<testsuite hostname="DESKTOP-IPELP4C" failures="0" tests="4" name="Almosafer.TestCases" time="2.009" errors="0" timestamp="2023-12-26T17:03:33 EET" skipped="3">
  <testcase classname="Almosafer.TestCases" name="CheckLogoApple" time="2.009"/>
  <system-out/>
  <testcase classname="Almosafer.TestCases" name="changeLanguageOfTheWebsite">
    <skipped/>
  </testcase> <!-- changeLanguageOfTheWebsite -->
  <system-out/>
  <testcase classname="Almosafer.TestCases" name="HotelTabIsNotSelected">
    <skipped/>
  </testcase> <!-- HotelTabIsNotSelected -->
  <system-out/>
  <testcase classname="Almosafer.TestCases" name="CheckTheDepatureAndArrivalDate">
    <skipped/>
  </testcase> <!-- CheckTheDepatureAndArrivalDate -->
  <system-out/>
</testsuite> <!-- Almosafer.TestCases -->
