<?xml version="1.0" encoding="UTF-8"?>
<!-- Generated by org.testng.reporters.JUnitReportReporter -->
<testsuite hostname="DESKTOP-IPELP4C" failures="0" tests="7" name="Almosafer.TestCases" time="94.589" errors="0" timestamp="2023-12-19T17:36:13 EET" skipped="6">
  <testcase classname="Almosafer.TestCases" name="changeLanguageOfTheWebsite" time="94.589"/>
  <system-out/>
  <testcase classname="Almosafer.TestCases" name="CheckTheContactNum">
    <skipped/>
  </testcase> <!-- CheckTheContactNum -->
  <system-out/>
  <testcase classname="Almosafer.TestCases" name="ChekTheCurrency">
    <skipped/>
  </testcase> <!-- ChekTheCurrency -->
  <system-out/>
  <testcase classname="Almosafer.TestCases" name="CheckLanguage">
    <skipped/>
  </testcase> <!-- CheckLanguage -->
  <system-out/>
  <testcase classname="Almosafer.TestCases" name="CheckQitafLogo">
    <skipped/>
  </testcase> <!-- CheckQitafLogo -->
  <system-out/>
  <testcase classname="Almosafer.TestCases" name="HotelTabIsNotSelected">
    <skipped/>
  </testcase> <!-- HotelTabIsNotSelected -->
  <system-out/>
  <testcase classname="Almosafer.TestCases" name="CheckTheDepatureAndArrivalDate">
    <skipped/>
  </testcase> <!-- CheckTheDepatureAndArrivalDate -->
  <system-out/>
</testsuite> <!-- Almosafer.TestCases -->
